Logfile initialized
[INFO] logfile = /home/rudyseidinger/projetos/Take A Decision For Me/build.log
[DEBUG] /home/rudyseidinger/.titanium/mobilesdk/linux/1.7.5/android/builder.py simulator Take A Decision For Me /home/rudyseidinger/Eclipse/android-sdk-linux_x86 /home/rudyseidinger/projetos/Take A Decision For Me com.seidinger.takeadecisionforme 2 WQVGA400 
[INFO] Building Take A Decision For Me for Android ... one moment
[INFO] Titanium SDK version: 1.7.5 (11/02/11 17:00 ab20af7)
[DEBUG] Waiting for device to be ready ...
[TRACE] adb devices returned 1 devices/emulators
[DEBUG] Device connected... (waited 0 seconds)
[DEBUG] waited 0.007263 seconds on emulator to get ready
[DEBUG] com.seidinger.takeadecisionforme installed? True
[INFO] Fastdev server running, deploying in Fastdev mode
[INFO] Copying project resources..
[TRACE] COPYING MODIFIED FILE: /home/rudyseidinger/projetos/Take A Decision For Me/Resources/app.js => /home/rudyseidinger/projetos/Take A Decision For Me/build/android/bin/assets/Resources/app.js
[INFO] Tiapp.xml unchanged, skipping class generation
[DEBUG] Processing Android resource drawables
[DEBUG] found drawable-notlong-port-ldpi splash screen at /home/rudyseidinger/projetos/Take A Decision For Me/Resources/android/images/res-notlong-port-ldpi/default.png
[DEBUG] found drawable-notlong-land-ldpi splash screen at /home/rudyseidinger/projetos/Take A Decision For Me/Resources/android/images/res-notlong-land-ldpi/default.png
[DEBUG] found drawable-long-land-hdpi splash screen at /home/rudyseidinger/projetos/Take A Decision For Me/Resources/android/images/res-long-land-hdpi/default.png
[DEBUG] found drawable-long-port-hdpi splash screen at /home/rudyseidinger/projetos/Take A Decision For Me/Resources/android/images/res-long-port-hdpi/default.png
[DEBUG] found drawable-notlong-port-hdpi splash screen at /home/rudyseidinger/projetos/Take A Decision For Me/Resources/android/images/res-notlong-port-hdpi/default.png
[DEBUG] found drawable-notlong-port-mdpi splash screen at /home/rudyseidinger/projetos/Take A Decision For Me/Resources/android/images/res-notlong-port-mdpi/default.png
[DEBUG] found drawable-notlong-land-mdpi splash screen at /home/rudyseidinger/projetos/Take A Decision For Me/Resources/android/images/res-notlong-land-mdpi/default.png
[DEBUG] found drawable-notlong-land-hdpi splash screen at /home/rudyseidinger/projetos/Take A Decision For Me/Resources/android/images/res-notlong-land-hdpi/default.png
[DEBUG] found drawable-long-port-ldpi splash screen at /home/rudyseidinger/projetos/Take A Decision For Me/Resources/android/images/res-long-port-ldpi/default.png
[DEBUG] found drawable-long-land-ldpi splash screen at /home/rudyseidinger/projetos/Take A Decision For Me/Resources/android/images/res-long-land-ldpi/default.png
[INFO] Waiting for SDCard to become available..
[INFO] Re-launching application ... Take A Decision For Me
[INFO] Launching application ... Take A Decision For Me
[TRACE] Launch output: Starting: Intent { act=android.intent.action.MAIN cat=[android.intent.category.LAUNCHER] cmp=com.seidinger.takeadecisionforme/.TakeADecisionForMeActivity }

[INFO] Android Emulator has exited
